Analysis & Synthesis report for lab1_spart
Wed Sep 18 16:15:30 2019
Quartus Prime Version 18.1.0 Build 625 09/12/2018 SJ Lite Edition


---------------------
; Table of Contents ;
---------------------
  1. Legal Notice
  2. Analysis & Synthesis Summary
  3. Analysis & Synthesis Settings
  4. Parallel Compilation
  5. Analysis & Synthesis Source Files Read
  6. Analysis & Synthesis Resource Usage Summary
  7. Analysis & Synthesis Resource Utilization by Entity
  8. State Machine - |lab1_spart|driver:driver0|state
  9. Registers Removed During Synthesis
 10. General Register Statistics
 11. Inverted Register Statistics
 12. Multiplexer Restructuring Statistics (Restructuring Performed)
 13. Parameter Settings for Inferred Entity Instance: spart:spart0|lpm_divide:Div1
 14. Parameter Settings for Inferred Entity Instance: spart:spart0|lpm_divide:Div0
 15. Post-Synthesis Netlist Statistics for Top Partition
 16. Elapsed Time Per Partition
 17. Analysis & Synthesis Messages
 18. Analysis & Synthesis Suppressed Messages



----------------
; Legal Notice ;
----------------
Copyright (C) 2018  Intel Corporation. All rights reserved.
Your use of Intel Corporation's design tools, logic functions 
and other software and tools, and its AMPP partner logic 
functions, and any output files from any of the foregoing 
(including device programming or simulation files), and any 
associated documentation or information are expressly subject 
to the terms and conditions of the Intel Program License 
Subscription Agreement, the Intel Quartus Prime License Agreement,
the Intel FPGA IP License Agreement, or other applicable license
agreement, including, without limitation, that your use is for
the sole purpose of programming logic devices manufactured by
Intel and sold by Intel or its authorized distributors.  Please
refer to the applicable agreement for further details.



+-------------------------------------------------------------------------------+
; Analysis & Synthesis Summary                                                  ;
+---------------------------------+---------------------------------------------+
; Analysis & Synthesis Status     ; Successful - Wed Sep 18 16:15:30 2019       ;
; Quartus Prime Version           ; 18.1.0 Build 625 09/12/2018 SJ Lite Edition ;
; Revision Name                   ; lab1_spart                                  ;
; Top-level Entity Name           ; lab1_spart                                  ;
; Family                          ; Cyclone V                                   ;
; Logic utilization (in ALMs)     ; N/A                                         ;
; Total registers                 ; 45                                          ;
; Total pins                      ; 106                                         ;
; Total virtual pins              ; 0                                           ;
; Total block memory bits         ; 0                                           ;
; Total DSP Blocks                ; 0                                           ;
; Total HSSI RX PCSs              ; 0                                           ;
; Total HSSI PMA RX Deserializers ; 0                                           ;
; Total HSSI TX PCSs              ; 0                                           ;
; Total HSSI PMA TX Serializers   ; 0                                           ;
; Total PLLs                      ; 0                                           ;
; Total DLLs                      ; 0                                           ;
+---------------------------------+---------------------------------------------+


+---------------------------------------------------------------------------------------------------------------------------+
; Analysis & Synthesis Settings                                                                                             ;
+---------------------------------------------------------------------------------+--------------------+--------------------+
; Option                                                                          ; Setting            ; Default Value      ;
+---------------------------------------------------------------------------------+--------------------+--------------------+
; Device                                                                          ; 5CSEMA5F31C6       ;                    ;
; Top-level entity name                                                           ; lab1_spart         ; lab1_spart         ;
; Family name                                                                     ; Cyclone V          ; Cyclone V          ;
; Use smart compilation                                                           ; Off                ; Off                ;
; Enable parallel Assembler and Timing Analyzer during compilation                ; On                 ; On                 ;
; Enable compact report table                                                     ; Off                ; Off                ;
; Restructure Multiplexers                                                        ; Auto               ; Auto               ;
; MLAB Add Timing Constraints For Mixed-Port Feed-Through Mode Setting Don't Care ; Off                ; Off                ;
; Create Debugging Nodes for IP Cores                                             ; Off                ; Off                ;
; Preserve fewer node names                                                       ; On                 ; On                 ;
; Intel FPGA IP Evaluation Mode                                                   ; Enable             ; Enable             ;
; Verilog Version                                                                 ; Verilog_2001       ; Verilog_2001       ;
; VHDL Version                                                                    ; VHDL_1993          ; VHDL_1993          ;
; State Machine Processing                                                        ; Auto               ; Auto               ;
; Safe State Machine                                                              ; Off                ; Off                ;
; Extract Verilog State Machines                                                  ; On                 ; On                 ;
; Extract VHDL State Machines                                                     ; On                 ; On                 ;
; Ignore Verilog initial constructs                                               ; Off                ; Off                ;
; Iteration limit for constant Verilog loops                                      ; 5000               ; 5000               ;
; Iteration limit for non-constant Verilog loops                                  ; 250                ; 250                ;
; Add Pass-Through Logic to Inferred RAMs                                         ; On                 ; On                 ;
; Infer RAMs from Raw Logic                                                       ; On                 ; On                 ;
; Parallel Synthesis                                                              ; On                 ; On                 ;
; DSP Block Balancing                                                             ; Auto               ; Auto               ;
; NOT Gate Push-Back                                                              ; On                 ; On                 ;
; Power-Up Don't Care                                                             ; On                 ; On                 ;
; Remove Redundant Logic Cells                                                    ; Off                ; Off                ;
; Remove Duplicate Registers                                                      ; On                 ; On                 ;
; Ignore CARRY Buffers                                                            ; Off                ; Off                ;
; Ignore CASCADE Buffers                                                          ; Off                ; Off                ;
; Ignore GLOBAL Buffers                                                           ; Off                ; Off                ;
; Ignore ROW GLOBAL Buffers                                                       ; Off                ; Off                ;
; Ignore LCELL Buffers                                                            ; Off                ; Off                ;
; Ignore SOFT Buffers                                                             ; On                 ; On                 ;
; Limit AHDL Integers to 32 Bits                                                  ; Off                ; Off                ;
; Optimization Technique                                                          ; Balanced           ; Balanced           ;
; Carry Chain Length                                                              ; 70                 ; 70                 ;
; Auto Carry Chains                                                               ; On                 ; On                 ;
; Auto Open-Drain Pins                                                            ; On                 ; On                 ;
; Perform WYSIWYG Primitive Resynthesis                                           ; Off                ; Off                ;
; Auto ROM Replacement                                                            ; On                 ; On                 ;
; Auto RAM Replacement                                                            ; On                 ; On                 ;
; Auto DSP Block Replacement                                                      ; On                 ; On                 ;
; Auto Shift Register Replacement                                                 ; Auto               ; Auto               ;
; Allow Shift Register Merging across Hierarchies                                 ; Auto               ; Auto               ;
; Auto Clock Enable Replacement                                                   ; On                 ; On                 ;
; Strict RAM Replacement                                                          ; Off                ; Off                ;
; Allow Synchronous Control Signals                                               ; On                 ; On                 ;
; Force Use of Synchronous Clear Signals                                          ; Off                ; Off                ;
; Auto Resource Sharing                                                           ; Off                ; Off                ;
; Allow Any RAM Size For Recognition                                              ; Off                ; Off                ;
; Allow Any ROM Size For Recognition                                              ; Off                ; Off                ;
; Allow Any Shift Register Size For Recognition                                   ; Off                ; Off                ;
; Use LogicLock Constraints during Resource Balancing                             ; On                 ; On                 ;
; Ignore translate_off and synthesis_off directives                               ; Off                ; Off                ;
; Timing-Driven Synthesis                                                         ; On                 ; On                 ;
; Report Parameter Settings                                                       ; On                 ; On                 ;
; Report Source Assignments                                                       ; On                 ; On                 ;
; Report Connectivity Checks                                                      ; On                 ; On                 ;
; Ignore Maximum Fan-Out Assignments                                              ; Off                ; Off                ;
; Synchronization Register Chain Length                                           ; 3                  ; 3                  ;
; Power Optimization During Synthesis                                             ; Normal compilation ; Normal compilation ;
; HDL message level                                                               ; Level2             ; Level2             ;
; Suppress Register Optimization Related Messages                                 ; Off                ; Off                ;
; Number of Removed Registers Reported in Synthesis Report                        ; 5000               ; 5000               ;
; Number of Swept Nodes Reported in Synthesis Report                              ; 5000               ; 5000               ;
; Number of Inverted Registers Reported in Synthesis Report                       ; 100                ; 100                ;
; Clock MUX Protection                                                            ; On                 ; On                 ;
; Auto Gated Clock Conversion                                                     ; Off                ; Off                ;
; Block Design Naming                                                             ; Auto               ; Auto               ;
; SDC constraint protection                                                       ; Off                ; Off                ;
; Synthesis Effort                                                                ; Auto               ; Auto               ;
; Shift Register Replacement - Allow Asynchronous Clear Signal                    ; On                 ; On                 ;
; Pre-Mapping Resynthesis Optimization                                            ; Off                ; Off                ;
; Analysis & Synthesis Message Level                                              ; Medium             ; Medium             ;
; Disable Register Merging Across Hierarchies                                     ; Auto               ; Auto               ;
; Resource Aware Inference For Block RAM                                          ; On                 ; On                 ;
; Automatic Parallel Synthesis                                                    ; On                 ; On                 ;
; Partial Reconfiguration Bitstream ID                                            ; Off                ; Off                ;
+---------------------------------------------------------------------------------+--------------------+--------------------+


+------------------------------------------+
; Parallel Compilation                     ;
+----------------------------+-------------+
; Processors                 ; Number      ;
+----------------------------+-------------+
; Number detected on machine ; 6           ;
; Maximum allowed            ; 6           ;
;                            ;             ;
; Average used               ; 1.00        ;
; Maximum used               ; 6           ;
;                            ;             ;
; Usage by Processor         ; % Time Used ;
;     Processor 1            ; 100.0%      ;
;     Processor 2            ;   0.0%      ;
;     Processor 3            ;   0.0%      ;
;     Processor 4            ;   0.0%      ;
;     Processor 5            ;   0.0%      ;
;     Processor 6            ;   0.0%      ;
+----------------------------+-------------+


+-------------------------------------------------------------------------------------------------------------------------------------------------------------------------------------------------------------------------------------------------------+
; Analysis & Synthesis Source Files Read                                                                                                                                                                                                                ;
+----------------------------------+-----------------+------------------------------+---------------------------------------------------------------------------------------------------------------------------------------------------------+---------+
; File Name with User-Entered Path ; Used in Netlist ; File Type                    ; File Name with Absolute Path                                                                                                                            ; Library ;
+----------------------------------+-----------------+------------------------------+---------------------------------------------------------------------------------------------------------------------------------------------------------+---------+
; ../../../../../../spart.sv       ; yes             ; User SystemVerilog HDL File  ; C:/Users/ECE_STUDENT/Documents/ece554p1/spart.sv                                                                                                        ;         ;
; ../../../../../../driver.sv      ; yes             ; User SystemVerilog HDL File  ; C:/Users/ECE_STUDENT/Documents/ece554p1/driver.sv                                                                                                       ;         ;
; lab1_spart.v                     ; yes             ; User Verilog HDL File        ; C:/Users/ECE_STUDENT/Documents/ece554p1/DE1-SoC_v.5.1.1_HWrevF_SystemCD/Tools/SystemBuilder/CodeGenerated/DE1_SOC/lab1_spart/lab1_spart.v               ;         ;
; lpm_divide.tdf                   ; yes             ; Megafunction                 ; c:/intelfpga_lite/18.1/quartus/libraries/megafunctions/lpm_divide.tdf                                                                                   ;         ;
; abs_divider.inc                  ; yes             ; Megafunction                 ; c:/intelfpga_lite/18.1/quartus/libraries/megafunctions/abs_divider.inc                                                                                  ;         ;
; sign_div_unsign.inc              ; yes             ; Megafunction                 ; c:/intelfpga_lite/18.1/quartus/libraries/megafunctions/sign_div_unsign.inc                                                                              ;         ;
; aglobal181.inc                   ; yes             ; Megafunction                 ; c:/intelfpga_lite/18.1/quartus/libraries/megafunctions/aglobal181.inc                                                                                   ;         ;
; db/lpm_divide_3dm.tdf            ; yes             ; Auto-Generated Megafunction  ; C:/Users/ECE_STUDENT/Documents/ece554p1/DE1-SoC_v.5.1.1_HWrevF_SystemCD/Tools/SystemBuilder/CodeGenerated/DE1_SOC/lab1_spart/db/lpm_divide_3dm.tdf      ;         ;
; db/sign_div_unsign_9nh.tdf       ; yes             ; Auto-Generated Megafunction  ; C:/Users/ECE_STUDENT/Documents/ece554p1/DE1-SoC_v.5.1.1_HWrevF_SystemCD/Tools/SystemBuilder/CodeGenerated/DE1_SOC/lab1_spart/db/sign_div_unsign_9nh.tdf ;         ;
; db/alt_u_div_o2f.tdf             ; yes             ; Auto-Generated Megafunction  ; C:/Users/ECE_STUDENT/Documents/ece554p1/DE1-SoC_v.5.1.1_HWrevF_SystemCD/Tools/SystemBuilder/CodeGenerated/DE1_SOC/lab1_spart/db/alt_u_div_o2f.tdf       ;         ;
+----------------------------------+-----------------+------------------------------+---------------------------------------------------------------------------------------------------------------------------------------------------------+---------+


+-----------------------------------------------------------------------+
; Analysis & Synthesis Resource Usage Summary                           ;
+---------------------------------------------+-------------------------+
; Resource                                    ; Usage                   ;
+---------------------------------------------+-------------------------+
; Estimate of Logic utilization (ALMs needed) ; 704                     ;
;                                             ;                         ;
; Combinational ALUT usage for logic          ; 1373                    ;
;     -- 7 input functions                    ; 1                       ;
;     -- 6 input functions                    ; 33                      ;
;     -- 5 input functions                    ; 373                     ;
;     -- 4 input functions                    ; 380                     ;
;     -- <=3 input functions                  ; 586                     ;
;                                             ;                         ;
; Dedicated logic registers                   ; 45                      ;
;                                             ;                         ;
; I/O pins                                    ; 106                     ;
;                                             ;                         ;
; Total DSP Blocks                            ; 0                       ;
;                                             ;                         ;
; Maximum fan-out node                        ; spart:spart0|db_high[7] ;
; Maximum fan-out                             ; 67                      ;
; Total fan-out                               ; 5647                    ;
; Average fan-out                             ; 3.39                    ;
+---------------------------------------------+-------------------------+


+--------------------------------------------------------------------------------------------------------------------------------------------------------------------------------------------------------------------------------------------------------------------------------------------------------------------+
; Analysis & Synthesis Resource Utilization by Entity                                                                                                                                                                                                                                                                ;
+-------------------------------------------+---------------------+---------------------------+-------------------+------------+------+--------------+--------------------------------------------------------------------------------------------------------------------------+---------------------+--------------+
; Compilation Hierarchy Node                ; Combinational ALUTs ; Dedicated Logic Registers ; Block Memory Bits ; DSP Blocks ; Pins ; Virtual Pins ; Full Hierarchy Name                                                                                                      ; Entity Name         ; Library Name ;
+-------------------------------------------+---------------------+---------------------------+-------------------+------------+------+--------------+--------------------------------------------------------------------------------------------------------------------------+---------------------+--------------+
; |lab1_spart                               ; 1373 (12)           ; 45 (0)                    ; 0                 ; 0          ; 106  ; 0            ; |lab1_spart                                                                                                              ; lab1_spart          ; work         ;
;    |driver:driver0|                       ; 13 (13)             ; 6 (6)                     ; 0                 ; 0          ; 0    ; 0            ; |lab1_spart|driver:driver0                                                                                               ; driver              ; work         ;
;    |spart:spart0|                         ; 1348 (93)           ; 39 (39)                   ; 0                 ; 0          ; 0    ; 0            ; |lab1_spart|spart:spart0                                                                                                 ; spart               ; work         ;
;       |lpm_divide:Div0|                   ; 678 (0)             ; 0 (0)                     ; 0                 ; 0          ; 0    ; 0            ; |lab1_spart|spart:spart0|lpm_divide:Div0                                                                                 ; lpm_divide          ; work         ;
;          |lpm_divide_3dm:auto_generated|  ; 678 (0)             ; 0 (0)                     ; 0                 ; 0          ; 0    ; 0            ; |lab1_spart|spart:spart0|lpm_divide:Div0|lpm_divide_3dm:auto_generated                                                   ; lpm_divide_3dm      ; work         ;
;             |sign_div_unsign_9nh:divider| ; 678 (0)             ; 0 (0)                     ; 0                 ; 0          ; 0    ; 0            ; |lab1_spart|spart:spart0|lpm_divide:Div0|lpm_divide_3dm:auto_generated|sign_div_unsign_9nh:divider                       ; sign_div_unsign_9nh ; work         ;
;                |alt_u_div_o2f:divider|    ; 678 (678)           ; 0 (0)                     ; 0                 ; 0          ; 0    ; 0            ; |lab1_spart|spart:spart0|lpm_divide:Div0|lpm_divide_3dm:auto_generated|sign_div_unsign_9nh:divider|alt_u_div_o2f:divider ; alt_u_div_o2f       ; work         ;
;       |lpm_divide:Div1|                   ; 577 (0)             ; 0 (0)                     ; 0                 ; 0          ; 0    ; 0            ; |lab1_spart|spart:spart0|lpm_divide:Div1                                                                                 ; lpm_divide          ; work         ;
;          |lpm_divide_3dm:auto_generated|  ; 577 (0)             ; 0 (0)                     ; 0                 ; 0          ; 0    ; 0            ; |lab1_spart|spart:spart0|lpm_divide:Div1|lpm_divide_3dm:auto_generated                                                   ; lpm_divide_3dm      ; work         ;
;             |sign_div_unsign_9nh:divider| ; 577 (0)             ; 0 (0)                     ; 0                 ; 0          ; 0    ; 0            ; |lab1_spart|spart:spart0|lpm_divide:Div1|lpm_divide_3dm:auto_generated|sign_div_unsign_9nh:divider                       ; sign_div_unsign_9nh ; work         ;
;                |alt_u_div_o2f:divider|    ; 577 (577)           ; 0 (0)                     ; 0                 ; 0          ; 0    ; 0            ; |lab1_spart|spart:spart0|lpm_divide:Div1|lpm_divide_3dm:auto_generated|sign_div_unsign_9nh:divider|alt_u_div_o2f:divider ; alt_u_div_o2f       ; work         ;
+-------------------------------------------+---------------------+---------------------------+-------------------+------------+------+--------------+--------------------------------------------------------------------------------------------------------------------------+---------------------+--------------+
Note: For table entries with two numbers listed, the numbers in parentheses indicate the number of resources of the given type used by the specific entity alone. The numbers listed outside of parentheses indicate the total resources of the given type used by the specific entity and all of its sub-entities in the hierarchy.


Encoding Type:  One-Hot
+------------------------------------------------------------------------------+
; State Machine - |lab1_spart|driver:driver0|state                             ;
+----------------+--------------+----------------+----------------+------------+
; Name           ; state.NORMAL ; state.LD_BR_LO ; state.LD_BR_HI ; state.INIT ;
+----------------+--------------+----------------+----------------+------------+
; state.INIT     ; 0            ; 0              ; 0              ; 0          ;
; state.LD_BR_HI ; 0            ; 0              ; 1              ; 1          ;
; state.LD_BR_LO ; 0            ; 1              ; 0              ; 1          ;
; state.NORMAL   ; 1            ; 0              ; 0              ; 1          ;
+----------------+--------------+----------------+----------------+------------+


+--------------------------------------------------------------------------------+
; Registers Removed During Synthesis                                             ;
+---------------------------------------+----------------------------------------+
; Register name                         ; Reason for Removal                     ;
+---------------------------------------+----------------------------------------+
; spart:spart0|db_low[0..5]             ; Stuck at GND due to stuck port data_in ;
; driver:driver0|state~4                ; Lost fanout                            ;
; driver:driver0|state~5                ; Lost fanout                            ;
; Total Number of Removed Registers = 8 ;                                        ;
+---------------------------------------+----------------------------------------+


+------------------------------------------------------+
; General Register Statistics                          ;
+----------------------------------------------+-------+
; Statistic                                    ; Value ;
+----------------------------------------------+-------+
; Total registers                              ; 45    ;
; Number of registers using Synchronous Clear  ; 0     ;
; Number of registers using Synchronous Load   ; 16    ;
; Number of registers using Asynchronous Clear ; 45    ;
; Number of registers using Asynchronous Load  ; 0     ;
; Number of registers using Clock Enable       ; 18    ;
; Number of registers using Preset             ; 0     ;
+----------------------------------------------+-------+


+---------------------------------------------------+
; Inverted Register Statistics                      ;
+-----------------------------------------+---------+
; Inverted Register                       ; Fan out ;
+-----------------------------------------+---------+
; spart:spart0|down_count[2]              ; 2       ;
; spart:spart0|down_count[8]              ; 2       ;
; spart:spart0|down_count[6]              ; 2       ;
; spart:spart0|txbuf[0]                   ; 2       ;
; spart:spart0|txbuf[1]                   ; 1       ;
; spart:spart0|tx_cnt[3]                  ; 12      ;
; spart:spart0|tx_cnt[2]                  ; 12      ;
; spart:spart0|tx_cnt[1]                  ; 13      ;
; spart:spart0|tx_cnt[0]                  ; 14      ;
; spart:spart0|txbuf[2]                   ; 1       ;
; driver:driver0|br_cfg_old[0]            ; 2       ;
; spart:spart0|txbuf[3]                   ; 1       ;
; spart:spart0|db_low[7]                  ; 17      ;
; spart:spart0|db_high[0]                 ; 42      ;
; spart:spart0|db_high[2]                 ; 27      ;
; spart:spart0|db_high[5]                 ; 22      ;
; spart:spart0|txbuf[4]                   ; 1       ;
; spart:spart0|txbuf[5]                   ; 1       ;
; spart:spart0|txbuf[6]                   ; 1       ;
; spart:spart0|txbuf[7]                   ; 1       ;
; spart:spart0|txbuf[8]                   ; 2       ;
; Total number of inverted registers = 21 ;         ;
+-----------------------------------------+---------+


+------------------------------------------------------------------------------------------------------------------------------------------------------+
; Multiplexer Restructuring Statistics (Restructuring Performed)                                                                                       ;
+--------------------+-----------+---------------+----------------------+------------------------+------------+----------------------------------------+
; Multiplexer Inputs ; Bus Width ; Baseline Area ; Area if Restructured ; Saving if Restructured ; Registered ; Example Multiplexer Output             ;
+--------------------+-----------+---------------+----------------------+------------------------+------------+----------------------------------------+
; 3:1                ; 13 bits   ; 26 LEs        ; 26 LEs               ; 0 LEs                  ; Yes        ; |lab1_spart|spart:spart0|down_count[9] ;
; 3:1                ; 8 bits    ; 16 LEs        ; 8 LEs                ; 8 LEs                  ; Yes        ; |lab1_spart|spart:spart0|txbuf[0]      ;
; 3:1                ; 3 bits    ; 6 LEs         ; 6 LEs                ; 0 LEs                  ; Yes        ; |lab1_spart|spart:spart0|down_count[8] ;
; 4:1                ; 4 bits    ; 8 LEs         ; 8 LEs                ; 0 LEs                  ; Yes        ; |lab1_spart|spart:spart0|tx_cnt[3]     ;
; 3:1                ; 2 bits    ; 4 LEs         ; 4 LEs                ; 0 LEs                  ; No         ; |lab1_spart|driver:driver0|Selector2   ;
+--------------------+-----------+---------------+----------------------+------------------------+------------+----------------------------------------+


+-------------------------------------------------------------------------------+
; Parameter Settings for Inferred Entity Instance: spart:spart0|lpm_divide:Div1 ;
+------------------------+----------------+-------------------------------------+
; Parameter Name         ; Value          ; Type                                ;
+------------------------+----------------+-------------------------------------+
; LPM_WIDTHN             ; 26             ; Untyped                             ;
; LPM_WIDTHD             ; 20             ; Untyped                             ;
; LPM_NREPRESENTATION    ; UNSIGNED       ; Untyped                             ;
; LPM_DREPRESENTATION    ; UNSIGNED       ; Untyped                             ;
; LPM_PIPELINE           ; 0              ; Untyped                             ;
; LPM_REMAINDERPOSITIVE  ; TRUE           ; Untyped                             ;
; MAXIMIZE_SPEED         ; 5              ; Untyped                             ;
; CBXI_PARAMETER         ; lpm_divide_3dm ; Untyped                             ;
; CARRY_CHAIN            ; MANUAL         ; Untyped                             ;
; OPTIMIZE_FOR_SPEED     ; 5              ; Untyped                             ;
; AUTO_CARRY_CHAINS      ; ON             ; AUTO_CARRY                          ;
; IGNORE_CARRY_BUFFERS   ; OFF            ; IGNORE_CARRY                        ;
; AUTO_CASCADE_CHAINS    ; ON             ; AUTO_CASCADE                        ;
; IGNORE_CASCADE_BUFFERS ; OFF            ; IGNORE_CASCADE                      ;
+------------------------+----------------+-------------------------------------+
Note: In order to hide this table in the UI and the text report file, please set the "Show Parameter Settings in Synthesis Report" option in "Analysis and Synthesis Settings -> More Settings" to "Off".


+-------------------------------------------------------------------------------+
; Parameter Settings for Inferred Entity Instance: spart:spart0|lpm_divide:Div0 ;
+------------------------+----------------+-------------------------------------+
; Parameter Name         ; Value          ; Type                                ;
+------------------------+----------------+-------------------------------------+
; LPM_WIDTHN             ; 26             ; Untyped                             ;
; LPM_WIDTHD             ; 20             ; Untyped                             ;
; LPM_NREPRESENTATION    ; UNSIGNED       ; Untyped                             ;
; LPM_DREPRESENTATION    ; UNSIGNED       ; Untyped                             ;
; LPM_PIPELINE           ; 0              ; Untyped                             ;
; LPM_REMAINDERPOSITIVE  ; TRUE           ; Untyped                             ;
; MAXIMIZE_SPEED         ; 5              ; Untyped                             ;
; CBXI_PARAMETER         ; lpm_divide_3dm ; Untyped                             ;
; CARRY_CHAIN            ; MANUAL         ; Untyped                             ;
; OPTIMIZE_FOR_SPEED     ; 5              ; Untyped                             ;
; AUTO_CARRY_CHAINS      ; ON             ; AUTO_CARRY                          ;
; IGNORE_CARRY_BUFFERS   ; OFF            ; IGNORE_CARRY                        ;
; AUTO_CASCADE_CHAINS    ; ON             ; AUTO_CASCADE                        ;
; IGNORE_CASCADE_BUFFERS ; OFF            ; IGNORE_CASCADE                      ;
+------------------------+----------------+-------------------------------------+
Note: In order to hide this table in the UI and the text report file, please set the "Show Parameter Settings in Synthesis Report" option in "Analysis and Synthesis Settings -> More Settings" to "Off".


+-----------------------------------------------------+
; Post-Synthesis Netlist Statistics for Top Partition ;
+-----------------------+-----------------------------+
; Type                  ; Count                       ;
+-----------------------+-----------------------------+
; arriav_ff             ; 45                          ;
;     CLR               ; 11                          ;
;     CLR SLD           ; 16                          ;
;     ENA CLR           ; 18                          ;
; arriav_io_obuf        ; 36                          ;
; arriav_lcell_comb     ; 1380                        ;
;     arith             ; 665                         ;
;         0 data inputs ; 78                          ;
;         1 data inputs ; 78                          ;
;         2 data inputs ; 72                          ;
;         3 data inputs ; 10                          ;
;         4 data inputs ; 163                         ;
;         5 data inputs ; 264                         ;
;     extend            ; 1                           ;
;         7 data inputs ; 1                           ;
;     normal            ; 694                         ;
;         0 data inputs ; 2                           ;
;         1 data inputs ; 13                          ;
;         2 data inputs ; 162                         ;
;         3 data inputs ; 160                         ;
;         4 data inputs ; 215                         ;
;         5 data inputs ; 109                         ;
;         6 data inputs ; 33                          ;
;     shared            ; 20                          ;
;         0 data inputs ; 16                          ;
;         1 data inputs ; 1                           ;
;         2 data inputs ; 1                           ;
;         4 data inputs ; 2                           ;
; boundary_port         ; 106                         ;
;                       ;                             ;
; Max LUT depth         ; 63.20                       ;
; Average LUT depth     ; 51.64                       ;
+-----------------------+-----------------------------+


+-------------------------------+
; Elapsed Time Per Partition    ;
+----------------+--------------+
; Partition Name ; Elapsed Time ;
+----------------+--------------+
; Top            ; 00:00:04     ;
+----------------+--------------+


+-------------------------------+
; Analysis & Synthesis Messages ;
+-------------------------------+
Info: *******************************************************************
Info: Running Quartus Prime Analysis & Synthesis
    Info: Version 18.1.0 Build 625 09/12/2018 SJ Lite Edition
    Info: Processing started: Wed Sep 18 16:15:16 2019
Info: Command: quartus_map --read_settings_files=on --write_settings_files=off lab1_spart -c lab1_spart
Warning (18236): Number of processors has not been specified which may cause overloading on shared machines.  Set the global assignment NUM_PARALLEL_PROCESSORS in your QSF to an appropriate value for best performance.
Info (20030): Parallel compilation is enabled and will use 6 of the 6 processors detected
Info (12021): Found 1 design units, including 1 entities, in source file /users/ece_student/documents/ece554p1/spart.sv
    Info (12023): Found entity 1: spart File: C:/Users/ECE_STUDENT/Documents/ece554p1/spart.sv Line: 20
Info (12021): Found 1 design units, including 1 entities, in source file /users/ece_student/documents/ece554p1/driver.sv
    Info (12023): Found entity 1: driver File: C:/Users/ECE_STUDENT/Documents/ece554p1/driver.sv Line: 20
Info (12021): Found 1 design units, including 1 entities, in source file lab1_spart.v
    Info (12023): Found entity 1: lab1_spart File: C:/Users/ECE_STUDENT/Documents/ece554p1/DE1-SoC_v.5.1.1_HWrevF_SystemCD/Tools/SystemBuilder/CodeGenerated/DE1_SOC/lab1_spart/lab1_spart.v Line: 6
Warning (10236): Verilog HDL Implicit Net warning at spart.sv(45): created implicit net for "write_databus" File: C:/Users/ECE_STUDENT/Documents/ece554p1/spart.sv Line: 45
Info (12127): Elaborating entity "lab1_spart" for the top level hierarchy
Info (12128): Elaborating entity "spart" for hierarchy "spart:spart0" File: C:/Users/ECE_STUDENT/Documents/ece554p1/DE1-SoC_v.5.1.1_HWrevF_SystemCD/Tools/SystemBuilder/CodeGenerated/DE1_SOC/lab1_spart/lab1_spart.v Line: 71
Warning (10036): Verilog HDL or VHDL warning at spart.sv(39): object "status" assigned a value but never read File: C:/Users/ECE_STUDENT/Documents/ece554p1/spart.sv Line: 39
Warning (10230): Verilog HDL assignment warning at spart.sv(58): truncated value with size 32 to match size of target (16) File: C:/Users/ECE_STUDENT/Documents/ece554p1/spart.sv Line: 58
Warning (10230): Verilog HDL assignment warning at spart.sv(62): truncated value with size 32 to match size of target (16) File: C:/Users/ECE_STUDENT/Documents/ece554p1/spart.sv Line: 62
Warning (10230): Verilog HDL assignment warning at spart.sv(65): truncated value with size 32 to match size of target (16) File: C:/Users/ECE_STUDENT/Documents/ece554p1/spart.sv Line: 65
Warning (10230): Verilog HDL assignment warning at spart.sv(67): truncated value with size 32 to match size of target (16) File: C:/Users/ECE_STUDENT/Documents/ece554p1/spart.sv Line: 67
Warning (10230): Verilog HDL assignment warning at spart.sv(69): truncated value with size 32 to match size of target (4) File: C:/Users/ECE_STUDENT/Documents/ece554p1/spart.sv Line: 69
Warning (10240): Verilog HDL Always Construct warning at spart.sv(50): inferring latch(es) for variable "rxbuf", which holds its previous value in one or more paths through the always construct File: C:/Users/ECE_STUDENT/Documents/ece554p1/spart.sv Line: 50
Info (10041): Inferred latch for "rxbuf[0]" at spart.sv(50) File: C:/Users/ECE_STUDENT/Documents/ece554p1/spart.sv Line: 50
Info (10041): Inferred latch for "rxbuf[1]" at spart.sv(50) File: C:/Users/ECE_STUDENT/Documents/ece554p1/spart.sv Line: 50
Info (10041): Inferred latch for "rxbuf[2]" at spart.sv(50) File: C:/Users/ECE_STUDENT/Documents/ece554p1/spart.sv Line: 50
Info (10041): Inferred latch for "rxbuf[3]" at spart.sv(50) File: C:/Users/ECE_STUDENT/Documents/ece554p1/spart.sv Line: 50
Info (10041): Inferred latch for "rxbuf[4]" at spart.sv(50) File: C:/Users/ECE_STUDENT/Documents/ece554p1/spart.sv Line: 50
Info (10041): Inferred latch for "rxbuf[5]" at spart.sv(50) File: C:/Users/ECE_STUDENT/Documents/ece554p1/spart.sv Line: 50
Info (10041): Inferred latch for "rxbuf[6]" at spart.sv(50) File: C:/Users/ECE_STUDENT/Documents/ece554p1/spart.sv Line: 50
Info (10041): Inferred latch for "rxbuf[7]" at spart.sv(50) File: C:/Users/ECE_STUDENT/Documents/ece554p1/spart.sv Line: 50
Info (12128): Elaborating entity "driver" for hierarchy "driver:driver0" File: C:/Users/ECE_STUDENT/Documents/ece554p1/DE1-SoC_v.5.1.1_HWrevF_SystemCD/Tools/SystemBuilder/CodeGenerated/DE1_SOC/lab1_spart/lab1_spart.v Line: 83
Warning (10034): Output port "iocs" at driver.sv(24) has no driver File: C:/Users/ECE_STUDENT/Documents/ece554p1/driver.sv Line: 24
Warning (13046): Tri-state node(s) do not directly drive top-level pin(s)
    Warning (13048): Converted tri-state node "databus[7]" into a selector File: C:/Users/ECE_STUDENT/Documents/ece554p1/spart.sv Line: 62
    Warning (13048): Converted tri-state node "databus[6]" into a selector File: C:/Users/ECE_STUDENT/Documents/ece554p1/spart.sv Line: 62
    Warning (13048): Converted tri-state node "databus[5]" into a selector File: C:/Users/ECE_STUDENT/Documents/ece554p1/spart.sv Line: 62
    Warning (13048): Converted tri-state node "databus[4]" into a selector File: C:/Users/ECE_STUDENT/Documents/ece554p1/spart.sv Line: 62
    Warning (13048): Converted tri-state node "databus[3]" into a selector File: C:/Users/ECE_STUDENT/Documents/ece554p1/spart.sv Line: 62
    Warning (13048): Converted tri-state node "databus[2]" into a selector File: C:/Users/ECE_STUDENT/Documents/ece554p1/spart.sv Line: 62
    Warning (13048): Converted tri-state node "databus[1]" into a selector File: C:/Users/ECE_STUDENT/Documents/ece554p1/spart.sv Line: 62
    Warning (13048): Converted tri-state node "databus[0]" into a selector File: C:/Users/ECE_STUDENT/Documents/ece554p1/spart.sv Line: 62
Info (278001): Inferred 2 megafunctions from design logic
    Info (278004): Inferred divider/modulo megafunction ("lpm_divide") from the following logic: "spart:spart0|Div1" File: C:/Users/ECE_STUDENT/Documents/ece554p1/spart.sv Line: 67
    Info (278004): Inferred divider/modulo megafunction ("lpm_divide") from the following logic: "spart:spart0|Div0" File: C:/Users/ECE_STUDENT/Documents/ece554p1/spart.sv Line: 62
Info (12130): Elaborated megafunction instantiation "spart:spart0|lpm_divide:Div1" File: C:/Users/ECE_STUDENT/Documents/ece554p1/spart.sv Line: 67
Info (12133): Instantiated megafunction "spart:spart0|lpm_divide:Div1" with the following parameter: File: C:/Users/ECE_STUDENT/Documents/ece554p1/spart.sv Line: 67
    Info (12134): Parameter "LPM_WIDTHN" = "26"
    Info (12134): Parameter "LPM_WIDTHD" = "20"
    Info (12134): Parameter "LPM_NREPRESENTATION" = "UNSIGNED"
    Info (12134): Parameter "LPM_DREPRESENTATION" = "UNSIGNED"
Info (12021): Found 1 design units, including 1 entities, in source file db/lpm_divide_3dm.tdf
    Info (12023): Found entity 1: lpm_divide_3dm File: C:/Users/ECE_STUDENT/Documents/ece554p1/DE1-SoC_v.5.1.1_HWrevF_SystemCD/Tools/SystemBuilder/CodeGenerated/DE1_SOC/lab1_spart/db/lpm_divide_3dm.tdf Line: 24
Info (12021): Found 1 design units, including 1 entities, in source file db/sign_div_unsign_9nh.tdf
    Info (12023): Found entity 1: sign_div_unsign_9nh File: C:/Users/ECE_STUDENT/Documents/ece554p1/DE1-SoC_v.5.1.1_HWrevF_SystemCD/Tools/SystemBuilder/CodeGenerated/DE1_SOC/lab1_spart/db/sign_div_unsign_9nh.tdf Line: 24
Info (12021): Found 1 design units, including 1 entities, in source file db/alt_u_div_o2f.tdf
    Info (12023): Found entity 1: alt_u_div_o2f File: C:/Users/ECE_STUDENT/Documents/ece554p1/DE1-SoC_v.5.1.1_HWrevF_SystemCD/Tools/SystemBuilder/CodeGenerated/DE1_SOC/lab1_spart/db/alt_u_div_o2f.tdf Line: 22
Info (12130): Elaborated megafunction instantiation "spart:spart0|lpm_divide:Div0" File: C:/Users/ECE_STUDENT/Documents/ece554p1/spart.sv Line: 62
Info (12133): Instantiated megafunction "spart:spart0|lpm_divide:Div0" with the following parameter: File: C:/Users/ECE_STUDENT/Documents/ece554p1/spart.sv Line: 62
    Info (12134): Parameter "LPM_WIDTHN" = "26"
    Info (12134): Parameter "LPM_WIDTHD" = "20"
    Info (12134): Parameter "LPM_NREPRESENTATION" = "UNSIGNED"
    Info (12134): Parameter "LPM_DREPRESENTATION" = "UNSIGNED"
Warning (13034): The following nodes have both tri-state and non-tri-state drivers
    Warning (13035): Inserted always-enabled tri-state buffer between "GPIO[3]" and its non-tri-state driver. File: C:/Users/ECE_STUDENT/Documents/ece554p1/DE1-SoC_v.5.1.1_HWrevF_SystemCD/Tools/SystemBuilder/CodeGenerated/DE1_SOC/lab1_spart/lab1_spart.v Line: 33
Warning (13039): The following bidirectional pins have no drivers
    Warning (13040): bidirectional pin "GPIO[5]" has no driver File: C:/Users/ECE_STUDENT/Documents/ece554p1/DE1-SoC_v.5.1.1_HWrevF_SystemCD/Tools/SystemBuilder/CodeGenerated/DE1_SOC/lab1_spart/lab1_spart.v Line: 33
    Warning (13040): bidirectional pin "GPIO[0]" has no driver File: C:/Users/ECE_STUDENT/Documents/ece554p1/DE1-SoC_v.5.1.1_HWrevF_SystemCD/Tools/SystemBuilder/CodeGenerated/DE1_SOC/lab1_spart/lab1_spart.v Line: 33
    Warning (13040): bidirectional pin "GPIO[1]" has no driver File: C:/Users/ECE_STUDENT/Documents/ece554p1/DE1-SoC_v.5.1.1_HWrevF_SystemCD/Tools/SystemBuilder/CodeGenerated/DE1_SOC/lab1_spart/lab1_spart.v Line: 33
    Warning (13040): bidirectional pin "GPIO[2]" has no driver File: C:/Users/ECE_STUDENT/Documents/ece554p1/DE1-SoC_v.5.1.1_HWrevF_SystemCD/Tools/SystemBuilder/CodeGenerated/DE1_SOC/lab1_spart/lab1_spart.v Line: 33
    Warning (13040): bidirectional pin "GPIO[4]" has no driver File: C:/Users/ECE_STUDENT/Documents/ece554p1/DE1-SoC_v.5.1.1_HWrevF_SystemCD/Tools/SystemBuilder/CodeGenerated/DE1_SOC/lab1_spart/lab1_spart.v Line: 33
    Warning (13040): bidirectional pin "GPIO[6]" has no driver File: C:/Users/ECE_STUDENT/Documents/ece554p1/DE1-SoC_v.5.1.1_HWrevF_SystemCD/Tools/SystemBuilder/CodeGenerated/DE1_SOC/lab1_spart/lab1_spart.v Line: 33
    Warning (13040): bidirectional pin "GPIO[7]" has no driver File: C:/Users/ECE_STUDENT/Documents/ece554p1/DE1-SoC_v.5.1.1_HWrevF_SystemCD/Tools/SystemBuilder/CodeGenerated/DE1_SOC/lab1_spart/lab1_spart.v Line: 33
    Warning (13040): bidirectional pin "GPIO[8]" has no driver File: C:/Users/ECE_STUDENT/Documents/ece554p1/DE1-SoC_v.5.1.1_HWrevF_SystemCD/Tools/SystemBuilder/CodeGenerated/DE1_SOC/lab1_spart/lab1_spart.v Line: 33
    Warning (13040): bidirectional pin "GPIO[9]" has no driver File: C:/Users/ECE_STUDENT/Documents/ece554p1/DE1-SoC_v.5.1.1_HWrevF_SystemCD/Tools/SystemBuilder/CodeGenerated/DE1_SOC/lab1_spart/lab1_spart.v Line: 33
    Warning (13040): bidirectional pin "GPIO[10]" has no driver File: C:/Users/ECE_STUDENT/Documents/ece554p1/DE1-SoC_v.5.1.1_HWrevF_SystemCD/Tools/SystemBuilder/CodeGenerated/DE1_SOC/lab1_spart/lab1_spart.v Line: 33
    Warning (13040): bidirectional pin "GPIO[11]" has no driver File: C:/Users/ECE_STUDENT/Documents/ece554p1/DE1-SoC_v.5.1.1_HWrevF_SystemCD/Tools/SystemBuilder/CodeGenerated/DE1_SOC/lab1_spart/lab1_spart.v Line: 33
    Warning (13040): bidirectional pin "GPIO[12]" has no driver File: C:/Users/ECE_STUDENT/Documents/ece554p1/DE1-SoC_v.5.1.1_HWrevF_SystemCD/Tools/SystemBuilder/CodeGenerated/DE1_SOC/lab1_spart/lab1_spart.v Line: 33
    Warning (13040): bidirectional pin "GPIO[13]" has no driver File: C:/Users/ECE_STUDENT/Documents/ece554p1/DE1-SoC_v.5.1.1_HWrevF_SystemCD/Tools/SystemBuilder/CodeGenerated/DE1_SOC/lab1_spart/lab1_spart.v Line: 33
    Warning (13040): bidirectional pin "GPIO[14]" has no driver File: C:/Users/ECE_STUDENT/Documents/ece554p1/DE1-SoC_v.5.1.1_HWrevF_SystemCD/Tools/SystemBuilder/CodeGenerated/DE1_SOC/lab1_spart/lab1_spart.v Line: 33
    Warning (13040): bidirectional pin "GPIO[15]" has no driver File: C:/Users/ECE_STUDENT/Documents/ece554p1/DE1-SoC_v.5.1.1_HWrevF_SystemCD/Tools/SystemBuilder/CodeGenerated/DE1_SOC/lab1_spart/lab1_spart.v Line: 33
    Warning (13040): bidirectional pin "GPIO[16]" has no driver File: C:/Users/ECE_STUDENT/Documents/ece554p1/DE1-SoC_v.5.1.1_HWrevF_SystemCD/Tools/SystemBuilder/CodeGenerated/DE1_SOC/lab1_spart/lab1_spart.v Line: 33
    Warning (13040): bidirectional pin "GPIO[17]" has no driver File: C:/Users/ECE_STUDENT/Documents/ece554p1/DE1-SoC_v.5.1.1_HWrevF_SystemCD/Tools/SystemBuilder/CodeGenerated/DE1_SOC/lab1_spart/lab1_spart.v Line: 33
    Warning (13040): bidirectional pin "GPIO[18]" has no driver File: C:/Users/ECE_STUDENT/Documents/ece554p1/DE1-SoC_v.5.1.1_HWrevF_SystemCD/Tools/SystemBuilder/CodeGenerated/DE1_SOC/lab1_spart/lab1_spart.v Line: 33
    Warning (13040): bidirectional pin "GPIO[19]" has no driver File: C:/Users/ECE_STUDENT/Documents/ece554p1/DE1-SoC_v.5.1.1_HWrevF_SystemCD/Tools/SystemBuilder/CodeGenerated/DE1_SOC/lab1_spart/lab1_spart.v Line: 33
    Warning (13040): bidirectional pin "GPIO[20]" has no driver File: C:/Users/ECE_STUDENT/Documents/ece554p1/DE1-SoC_v.5.1.1_HWrevF_SystemCD/Tools/SystemBuilder/CodeGenerated/DE1_SOC/lab1_spart/lab1_spart.v Line: 33
    Warning (13040): bidirectional pin "GPIO[21]" has no driver File: C:/Users/ECE_STUDENT/Documents/ece554p1/DE1-SoC_v.5.1.1_HWrevF_SystemCD/Tools/SystemBuilder/CodeGenerated/DE1_SOC/lab1_spart/lab1_spart.v Line: 33
    Warning (13040): bidirectional pin "GPIO[22]" has no driver File: C:/Users/ECE_STUDENT/Documents/ece554p1/DE1-SoC_v.5.1.1_HWrevF_SystemCD/Tools/SystemBuilder/CodeGenerated/DE1_SOC/lab1_spart/lab1_spart.v Line: 33
    Warning (13040): bidirectional pin "GPIO[23]" has no driver File: C:/Users/ECE_STUDENT/Documents/ece554p1/DE1-SoC_v.5.1.1_HWrevF_SystemCD/Tools/SystemBuilder/CodeGenerated/DE1_SOC/lab1_spart/lab1_spart.v Line: 33
    Warning (13040): bidirectional pin "GPIO[24]" has no driver File: C:/Users/ECE_STUDENT/Documents/ece554p1/DE1-SoC_v.5.1.1_HWrevF_SystemCD/Tools/SystemBuilder/CodeGenerated/DE1_SOC/lab1_spart/lab1_spart.v Line: 33
    Warning (13040): bidirectional pin "GPIO[25]" has no driver File: C:/Users/ECE_STUDENT/Documents/ece554p1/DE1-SoC_v.5.1.1_HWrevF_SystemCD/Tools/SystemBuilder/CodeGenerated/DE1_SOC/lab1_spart/lab1_spart.v Line: 33
    Warning (13040): bidirectional pin "GPIO[26]" has no driver File: C:/Users/ECE_STUDENT/Documents/ece554p1/DE1-SoC_v.5.1.1_HWrevF_SystemCD/Tools/SystemBuilder/CodeGenerated/DE1_SOC/lab1_spart/lab1_spart.v Line: 33
    Warning (13040): bidirectional pin "GPIO[27]" has no driver File: C:/Users/ECE_STUDENT/Documents/ece554p1/DE1-SoC_v.5.1.1_HWrevF_SystemCD/Tools/SystemBuilder/CodeGenerated/DE1_SOC/lab1_spart/lab1_spart.v Line: 33
    Warning (13040): bidirectional pin "GPIO[28]" has no driver File: C:/Users/ECE_STUDENT/Documents/ece554p1/DE1-SoC_v.5.1.1_HWrevF_SystemCD/Tools/SystemBuilder/CodeGenerated/DE1_SOC/lab1_spart/lab1_spart.v Line: 33
    Warning (13040): bidirectional pin "GPIO[29]" has no driver File: C:/Users/ECE_STUDENT/Documents/ece554p1/DE1-SoC_v.5.1.1_HWrevF_SystemCD/Tools/SystemBuilder/CodeGenerated/DE1_SOC/lab1_spart/lab1_spart.v Line: 33
    Warning (13040): bidirectional pin "GPIO[30]" has no driver File: C:/Users/ECE_STUDENT/Documents/ece554p1/DE1-SoC_v.5.1.1_HWrevF_SystemCD/Tools/SystemBuilder/CodeGenerated/DE1_SOC/lab1_spart/lab1_spart.v Line: 33
    Warning (13040): bidirectional pin "GPIO[31]" has no driver File: C:/Users/ECE_STUDENT/Documents/ece554p1/DE1-SoC_v.5.1.1_HWrevF_SystemCD/Tools/SystemBuilder/CodeGenerated/DE1_SOC/lab1_spart/lab1_spart.v Line: 33
    Warning (13040): bidirectional pin "GPIO[32]" has no driver File: C:/Users/ECE_STUDENT/Documents/ece554p1/DE1-SoC_v.5.1.1_HWrevF_SystemCD/Tools/SystemBuilder/CodeGenerated/DE1_SOC/lab1_spart/lab1_spart.v Line: 33
    Warning (13040): bidirectional pin "GPIO[33]" has no driver File: C:/Users/ECE_STUDENT/Documents/ece554p1/DE1-SoC_v.5.1.1_HWrevF_SystemCD/Tools/SystemBuilder/CodeGenerated/DE1_SOC/lab1_spart/lab1_spart.v Line: 33
    Warning (13040): bidirectional pin "GPIO[34]" has no driver File: C:/Users/ECE_STUDENT/Documents/ece554p1/DE1-SoC_v.5.1.1_HWrevF_SystemCD/Tools/SystemBuilder/CodeGenerated/DE1_SOC/lab1_spart/lab1_spart.v Line: 33
    Warning (13040): bidirectional pin "GPIO[35]" has no driver File: C:/Users/ECE_STUDENT/Documents/ece554p1/DE1-SoC_v.5.1.1_HWrevF_SystemCD/Tools/SystemBuilder/CodeGenerated/DE1_SOC/lab1_spart/lab1_spart.v Line: 33
Warning (13009): TRI or OPNDRN buffers permanently enabled
    Warning (13010): Node "GPIO[3]~synth" File: C:/Users/ECE_STUDENT/Documents/ece554p1/DE1-SoC_v.5.1.1_HWrevF_SystemCD/Tools/SystemBuilder/CodeGenerated/DE1_SOC/lab1_spart/lab1_spart.v Line: 33
Warning (13024): Output pins are stuck at VCC or GND
    Warning (13410): Pin "HEX0[0]" is stuck at GND File: C:/Users/ECE_STUDENT/Documents/ece554p1/DE1-SoC_v.5.1.1_HWrevF_SystemCD/Tools/SystemBuilder/CodeGenerated/DE1_SOC/lab1_spart/lab1_spart.v Line: 15
    Warning (13410): Pin "HEX0[1]" is stuck at GND File: C:/Users/ECE_STUDENT/Documents/ece554p1/DE1-SoC_v.5.1.1_HWrevF_SystemCD/Tools/SystemBuilder/CodeGenerated/DE1_SOC/lab1_spart/lab1_spart.v Line: 15
    Warning (13410): Pin "HEX0[2]" is stuck at GND File: C:/Users/ECE_STUDENT/Documents/ece554p1/DE1-SoC_v.5.1.1_HWrevF_SystemCD/Tools/SystemBuilder/CodeGenerated/DE1_SOC/lab1_spart/lab1_spart.v Line: 15
    Warning (13410): Pin "HEX0[3]" is stuck at GND File: C:/Users/ECE_STUDENT/Documents/ece554p1/DE1-SoC_v.5.1.1_HWrevF_SystemCD/Tools/SystemBuilder/CodeGenerated/DE1_SOC/lab1_spart/lab1_spart.v Line: 15
    Warning (13410): Pin "HEX0[4]" is stuck at GND File: C:/Users/ECE_STUDENT/Documents/ece554p1/DE1-SoC_v.5.1.1_HWrevF_SystemCD/Tools/SystemBuilder/CodeGenerated/DE1_SOC/lab1_spart/lab1_spart.v Line: 15
    Warning (13410): Pin "HEX0[5]" is stuck at GND File: C:/Users/ECE_STUDENT/Documents/ece554p1/DE1-SoC_v.5.1.1_HWrevF_SystemCD/Tools/SystemBuilder/CodeGenerated/DE1_SOC/lab1_spart/lab1_spart.v Line: 15
    Warning (13410): Pin "HEX0[6]" is stuck at VCC File: C:/Users/ECE_STUDENT/Documents/ece554p1/DE1-SoC_v.5.1.1_HWrevF_SystemCD/Tools/SystemBuilder/CodeGenerated/DE1_SOC/lab1_spart/lab1_spart.v Line: 15
    Warning (13410): Pin "HEX1[0]" is stuck at GND File: C:/Users/ECE_STUDENT/Documents/ece554p1/DE1-SoC_v.5.1.1_HWrevF_SystemCD/Tools/SystemBuilder/CodeGenerated/DE1_SOC/lab1_spart/lab1_spart.v Line: 16
    Warning (13410): Pin "HEX1[1]" is stuck at GND File: C:/Users/ECE_STUDENT/Documents/ece554p1/DE1-SoC_v.5.1.1_HWrevF_SystemCD/Tools/SystemBuilder/CodeGenerated/DE1_SOC/lab1_spart/lab1_spart.v Line: 16
    Warning (13410): Pin "HEX1[2]" is stuck at GND File: C:/Users/ECE_STUDENT/Documents/ece554p1/DE1-SoC_v.5.1.1_HWrevF_SystemCD/Tools/SystemBuilder/CodeGenerated/DE1_SOC/lab1_spart/lab1_spart.v Line: 16
    Warning (13410): Pin "HEX1[3]" is stuck at GND File: C:/Users/ECE_STUDENT/Documents/ece554p1/DE1-SoC_v.5.1.1_HWrevF_SystemCD/Tools/SystemBuilder/CodeGenerated/DE1_SOC/lab1_spart/lab1_spart.v Line: 16
    Warning (13410): Pin "HEX1[4]" is stuck at GND File: C:/Users/ECE_STUDENT/Documents/ece554p1/DE1-SoC_v.5.1.1_HWrevF_SystemCD/Tools/SystemBuilder/CodeGenerated/DE1_SOC/lab1_spart/lab1_spart.v Line: 16
    Warning (13410): Pin "HEX1[5]" is stuck at GND File: C:/Users/ECE_STUDENT/Documents/ece554p1/DE1-SoC_v.5.1.1_HWrevF_SystemCD/Tools/SystemBuilder/CodeGenerated/DE1_SOC/lab1_spart/lab1_spart.v Line: 16
    Warning (13410): Pin "HEX1[6]" is stuck at VCC File: C:/Users/ECE_STUDENT/Documents/ece554p1/DE1-SoC_v.5.1.1_HWrevF_SystemCD/Tools/SystemBuilder/CodeGenerated/DE1_SOC/lab1_spart/lab1_spart.v Line: 16
    Warning (13410): Pin "HEX2[6]" is stuck at GND File: C:/Users/ECE_STUDENT/Documents/ece554p1/DE1-SoC_v.5.1.1_HWrevF_SystemCD/Tools/SystemBuilder/CodeGenerated/DE1_SOC/lab1_spart/lab1_spart.v Line: 17
    Warning (13410): Pin "HEX3[1]" is stuck at GND File: C:/Users/ECE_STUDENT/Documents/ece554p1/DE1-SoC_v.5.1.1_HWrevF_SystemCD/Tools/SystemBuilder/CodeGenerated/DE1_SOC/lab1_spart/lab1_spart.v Line: 18
    Warning (13410): Pin "HEX3[2]" is stuck at GND File: C:/Users/ECE_STUDENT/Documents/ece554p1/DE1-SoC_v.5.1.1_HWrevF_SystemCD/Tools/SystemBuilder/CodeGenerated/DE1_SOC/lab1_spart/lab1_spart.v Line: 18
    Warning (13410): Pin "HEX3[5]" is stuck at GND File: C:/Users/ECE_STUDENT/Documents/ece554p1/DE1-SoC_v.5.1.1_HWrevF_SystemCD/Tools/SystemBuilder/CodeGenerated/DE1_SOC/lab1_spart/lab1_spart.v Line: 18
    Warning (13410): Pin "HEX3[6]" is stuck at GND File: C:/Users/ECE_STUDENT/Documents/ece554p1/DE1-SoC_v.5.1.1_HWrevF_SystemCD/Tools/SystemBuilder/CodeGenerated/DE1_SOC/lab1_spart/lab1_spart.v Line: 18
    Warning (13410): Pin "HEX4[4]" is stuck at VCC File: C:/Users/ECE_STUDENT/Documents/ece554p1/DE1-SoC_v.5.1.1_HWrevF_SystemCD/Tools/SystemBuilder/CodeGenerated/DE1_SOC/lab1_spart/lab1_spart.v Line: 19
    Warning (13410): Pin "HEX4[5]" is stuck at VCC File: C:/Users/ECE_STUDENT/Documents/ece554p1/DE1-SoC_v.5.1.1_HWrevF_SystemCD/Tools/SystemBuilder/CodeGenerated/DE1_SOC/lab1_spart/lab1_spart.v Line: 19
    Warning (13410): Pin "HEX5[0]" is stuck at VCC File: C:/Users/ECE_STUDENT/Documents/ece554p1/DE1-SoC_v.5.1.1_HWrevF_SystemCD/Tools/SystemBuilder/CodeGenerated/DE1_SOC/lab1_spart/lab1_spart.v Line: 20
    Warning (13410): Pin "HEX5[1]" is stuck at VCC File: C:/Users/ECE_STUDENT/Documents/ece554p1/DE1-SoC_v.5.1.1_HWrevF_SystemCD/Tools/SystemBuilder/CodeGenerated/DE1_SOC/lab1_spart/lab1_spart.v Line: 20
    Warning (13410): Pin "HEX5[2]" is stuck at VCC File: C:/Users/ECE_STUDENT/Documents/ece554p1/DE1-SoC_v.5.1.1_HWrevF_SystemCD/Tools/SystemBuilder/CodeGenerated/DE1_SOC/lab1_spart/lab1_spart.v Line: 20
    Warning (13410): Pin "HEX5[3]" is stuck at VCC File: C:/Users/ECE_STUDENT/Documents/ece554p1/DE1-SoC_v.5.1.1_HWrevF_SystemCD/Tools/SystemBuilder/CodeGenerated/DE1_SOC/lab1_spart/lab1_spart.v Line: 20
    Warning (13410): Pin "HEX5[4]" is stuck at VCC File: C:/Users/ECE_STUDENT/Documents/ece554p1/DE1-SoC_v.5.1.1_HWrevF_SystemCD/Tools/SystemBuilder/CodeGenerated/DE1_SOC/lab1_spart/lab1_spart.v Line: 20
    Warning (13410): Pin "HEX5[5]" is stuck at VCC File: C:/Users/ECE_STUDENT/Documents/ece554p1/DE1-SoC_v.5.1.1_HWrevF_SystemCD/Tools/SystemBuilder/CodeGenerated/DE1_SOC/lab1_spart/lab1_spart.v Line: 20
    Warning (13410): Pin "HEX5[6]" is stuck at VCC File: C:/Users/ECE_STUDENT/Documents/ece554p1/DE1-SoC_v.5.1.1_HWrevF_SystemCD/Tools/SystemBuilder/CodeGenerated/DE1_SOC/lab1_spart/lab1_spart.v Line: 20
    Warning (13410): Pin "LEDR[1]" is stuck at GND File: C:/Users/ECE_STUDENT/Documents/ece554p1/DE1-SoC_v.5.1.1_HWrevF_SystemCD/Tools/SystemBuilder/CodeGenerated/DE1_SOC/lab1_spart/lab1_spart.v Line: 26
    Warning (13410): Pin "LEDR[2]" is stuck at GND File: C:/Users/ECE_STUDENT/Documents/ece554p1/DE1-SoC_v.5.1.1_HWrevF_SystemCD/Tools/SystemBuilder/CodeGenerated/DE1_SOC/lab1_spart/lab1_spart.v Line: 26
    Warning (13410): Pin "LEDR[3]" is stuck at GND File: C:/Users/ECE_STUDENT/Documents/ece554p1/DE1-SoC_v.5.1.1_HWrevF_SystemCD/Tools/SystemBuilder/CodeGenerated/DE1_SOC/lab1_spart/lab1_spart.v Line: 26
    Warning (13410): Pin "LEDR[4]" is stuck at GND File: C:/Users/ECE_STUDENT/Documents/ece554p1/DE1-SoC_v.5.1.1_HWrevF_SystemCD/Tools/SystemBuilder/CodeGenerated/DE1_SOC/lab1_spart/lab1_spart.v Line: 26
    Warning (13410): Pin "LEDR[5]" is stuck at GND File: C:/Users/ECE_STUDENT/Documents/ece554p1/DE1-SoC_v.5.1.1_HWrevF_SystemCD/Tools/SystemBuilder/CodeGenerated/DE1_SOC/lab1_spart/lab1_spart.v Line: 26
    Warning (13410): Pin "LEDR[6]" is stuck at GND File: C:/Users/ECE_STUDENT/Documents/ece554p1/DE1-SoC_v.5.1.1_HWrevF_SystemCD/Tools/SystemBuilder/CodeGenerated/DE1_SOC/lab1_spart/lab1_spart.v Line: 26
    Warning (13410): Pin "LEDR[7]" is stuck at GND File: C:/Users/ECE_STUDENT/Documents/ece554p1/DE1-SoC_v.5.1.1_HWrevF_SystemCD/Tools/SystemBuilder/CodeGenerated/DE1_SOC/lab1_spart/lab1_spart.v Line: 26
Info (286030): Timing-Driven Synthesis is running
Warning (14632): Output pin "LEDR[9]" driven by bidirectional pin "GPIO[5]" cannot be tri-stated File: C:/Users/ECE_STUDENT/Documents/ece554p1/DE1-SoC_v.5.1.1_HWrevF_SystemCD/Tools/SystemBuilder/CodeGenerated/DE1_SOC/lab1_spart/lab1_spart.v Line: 26
Info (17049): 2 registers lost all their fanouts during netlist optimizations.
Info (144001): Generated suppressed messages file C:/Users/ECE_STUDENT/Documents/ece554p1/DE1-SoC_v.5.1.1_HWrevF_SystemCD/Tools/SystemBuilder/CodeGenerated/DE1_SOC/lab1_spart/lab1_spart.map.smsg
Info (16010): Generating hard_block partition "hard_block:auto_generated_inst"
    Info (16011): Adding 0 node(s), including 0 DDIO, 0 PLL, 0 transceiver and 0 LCELL
Warning (21074): Design contains 14 input pin(s) that do not drive logic
    Warning (15610): No output dependent on input pin "CLOCK2_50" File: C:/Users/ECE_STUDENT/Documents/ece554p1/DE1-SoC_v.5.1.1_HWrevF_SystemCD/Tools/SystemBuilder/CodeGenerated/DE1_SOC/lab1_spart/lab1_spart.v Line: 10
    Warning (15610): No output dependent on input pin "CLOCK3_50" File: C:/Users/ECE_STUDENT/Documents/ece554p1/DE1-SoC_v.5.1.1_HWrevF_SystemCD/Tools/SystemBuilder/CodeGenerated/DE1_SOC/lab1_spart/lab1_spart.v Line: 11
    Warning (15610): No output dependent on input pin "CLOCK4_50" File: C:/Users/ECE_STUDENT/Documents/ece554p1/DE1-SoC_v.5.1.1_HWrevF_SystemCD/Tools/SystemBuilder/CodeGenerated/DE1_SOC/lab1_spart/lab1_spart.v Line: 12
    Warning (15610): No output dependent on input pin "KEY[1]" File: C:/Users/ECE_STUDENT/Documents/ece554p1/DE1-SoC_v.5.1.1_HWrevF_SystemCD/Tools/SystemBuilder/CodeGenerated/DE1_SOC/lab1_spart/lab1_spart.v Line: 23
    Warning (15610): No output dependent on input pin "KEY[2]" File: C:/Users/ECE_STUDENT/Documents/ece554p1/DE1-SoC_v.5.1.1_HWrevF_SystemCD/Tools/SystemBuilder/CodeGenerated/DE1_SOC/lab1_spart/lab1_spart.v Line: 23
    Warning (15610): No output dependent on input pin "KEY[3]" File: C:/Users/ECE_STUDENT/Documents/ece554p1/DE1-SoC_v.5.1.1_HWrevF_SystemCD/Tools/SystemBuilder/CodeGenerated/DE1_SOC/lab1_spart/lab1_spart.v Line: 23
    Warning (15610): No output dependent on input pin "SW[0]" File: C:/Users/ECE_STUDENT/Documents/ece554p1/DE1-SoC_v.5.1.1_HWrevF_SystemCD/Tools/SystemBuilder/CodeGenerated/DE1_SOC/lab1_spart/lab1_spart.v Line: 29
    Warning (15610): No output dependent on input pin "SW[1]" File: C:/Users/ECE_STUDENT/Documents/ece554p1/DE1-SoC_v.5.1.1_HWrevF_SystemCD/Tools/SystemBuilder/CodeGenerated/DE1_SOC/lab1_spart/lab1_spart.v Line: 29
    Warning (15610): No output dependent on input pin "SW[2]" File: C:/Users/ECE_STUDENT/Documents/ece554p1/DE1-SoC_v.5.1.1_HWrevF_SystemCD/Tools/SystemBuilder/CodeGenerated/DE1_SOC/lab1_spart/lab1_spart.v Line: 29
    Warning (15610): No output dependent on input pin "SW[3]" File: C:/Users/ECE_STUDENT/Documents/ece554p1/DE1-SoC_v.5.1.1_HWrevF_SystemCD/Tools/SystemBuilder/CodeGenerated/DE1_SOC/lab1_spart/lab1_spart.v Line: 29
    Warning (15610): No output dependent on input pin "SW[4]" File: C:/Users/ECE_STUDENT/Documents/ece554p1/DE1-SoC_v.5.1.1_HWrevF_SystemCD/Tools/SystemBuilder/CodeGenerated/DE1_SOC/lab1_spart/lab1_spart.v Line: 29
    Warning (15610): No output dependent on input pin "SW[5]" File: C:/Users/ECE_STUDENT/Documents/ece554p1/DE1-SoC_v.5.1.1_HWrevF_SystemCD/Tools/SystemBuilder/CodeGenerated/DE1_SOC/lab1_spart/lab1_spart.v Line: 29
    Warning (15610): No output dependent on input pin "SW[6]" File: C:/Users/ECE_STUDENT/Documents/ece554p1/DE1-SoC_v.5.1.1_HWrevF_SystemCD/Tools/SystemBuilder/CodeGenerated/DE1_SOC/lab1_spart/lab1_spart.v Line: 29
    Warning (15610): No output dependent on input pin "SW[7]" File: C:/Users/ECE_STUDENT/Documents/ece554p1/DE1-SoC_v.5.1.1_HWrevF_SystemCD/Tools/SystemBuilder/CodeGenerated/DE1_SOC/lab1_spart/lab1_spart.v Line: 29
Info (21057): Implemented 1488 device resources after synthesis - the final resource count might be different
    Info (21058): Implemented 18 input pins
    Info (21059): Implemented 52 output pins
    Info (21060): Implemented 36 bidirectional pins
    Info (21061): Implemented 1382 logic cells
Info: Quartus Prime Analysis & Synthesis was successful. 0 errors, 111 warnings
    Info: Peak virtual memory: 4898 megabytes
    Info: Processing ended: Wed Sep 18 16:15:30 2019
    Info: Elapsed time: 00:00:14
    Info: Total CPU time (on all processors): 00:00:22


+------------------------------------------+
; Analysis & Synthesis Suppressed Messages ;
+------------------------------------------+
The suppressed messages can be found in C:/Users/ECE_STUDENT/Documents/ece554p1/DE1-SoC_v.5.1.1_HWrevF_SystemCD/Tools/SystemBuilder/CodeGenerated/DE1_SOC/lab1_spart/lab1_spart.map.smsg.


